2013/07/04 06:16:19 [error] [exception.CHttpException.404] exception 'CHttpException' with message 'The system is unable to find the requested action "index?r=gii".' in /Applications/XAMPP/xamppfiles/htdocs/yii/framework/web/CController.php:483
Stack trace:
#0 /Applications/XAMPP/xamppfiles/htdocs/yii/framework/web/CController.php(270): CController->missingAction('index?r=gii')
#1 /Applications/XAMPP/xamppfiles/htdocs/yii/framework/web/CWebApplication.php(282): CController->run('index?r=gii')
#2 /Applications/XAMPP/xamppfiles/htdocs/yii/framework/web/CWebApplication.php(141): CWebApplication->runController('site/index?r=gi...')
#3 /Applications/XAMPP/xamppfiles/htdocs/yii/framework/base/CApplication.php(169): CWebApplication->processRequest()
#4 /Applications/XAMPP/xamppfiles/htdocs/HR/index.php(13): CApplication->run()
#5 {main}
REQUEST_URI=/HR/index.php?r=site/index?r=gii
---
2013/07/04 06:16:40 [error] [exception.CHttpException.404] exception 'CHttpException' with message 'The system is unable to find the requested action "index?=gii".' in /Applications/XAMPP/xamppfiles/htdocs/yii/framework/web/CController.php:483
Stack trace:
#0 /Applications/XAMPP/xamppfiles/htdocs/yii/framework/web/CController.php(270): CController->missingAction('index?=gii')
#1 /Applications/XAMPP/xamppfiles/htdocs/yii/framework/web/CWebApplication.php(282): CController->run('index?=gii')
#2 /Applications/XAMPP/xamppfiles/htdocs/yii/framework/web/CWebApplication.php(141): CWebApplication->runController('site/index?=gii')
#3 /Applications/XAMPP/xamppfiles/htdocs/yii/framework/base/CApplication.php(169): CWebApplication->processRequest()
#4 /Applications/XAMPP/xamppfiles/htdocs/HR/index.php(13): CApplication->run()
#5 {main}
REQUEST_URI=/HR/index.php?r=site/index?=gii
---
2013/07/04 07:12:49 [error] [exception.CException] exception 'CException' with message 'Property "Personalinfo.first_namelast_name" is not defined.' in /Applications/XAMPP/xamppfiles/htdocs/yii/framework/base/CComponent.php:130
Stack trace:
#0 /Applications/XAMPP/xamppfiles/htdocs/yii/framework/db/ar/CActiveRecord.php(143): CComponent->__get('first_namelast_...')
#1 /Applications/XAMPP/xamppfiles/htdocs/HR/protected/views/personalinfo/view.php(21): CActiveRecord->__get('first_namelast_...')
#2 /Applications/XAMPP/xamppfiles/htdocs/yii/framework/web/CBaseController.php(126): require('/Applications/X...')
#3 /Applications/XAMPP/xamppfiles/htdocs/yii/framework/web/CBaseController.php(95): CBaseController->renderInternal('/Applications/X...', Array, true)
#4 /Applications/XAMPP/xamppfiles/htdocs/yii/framework/web/CController.php(869): CBaseController->renderFile('/Applications/X...', Array, true)
#5 /Applications/XAMPP/xamppfiles/htdocs/yii/framework/web/CController.php(782): CController->renderPartial('view', Array, true)
#6 /Applications/XAMPP/xamppfiles/htdocs/HR/protected/controllers/PersonalinfoController.php(56): CController->render('view', Array)
#7 [internal function]: PersonalinfoController->actionView('1')
#8 /Applications/XAMPP/xamppfiles/htdocs/yii/framework/web/actions/CAction.php(108): ReflectionMethod->invokeArgs(Object(PersonalinfoController), Array)
#9 /Applications/XAMPP/xamppfiles/htdocs/yii/framework/web/actions/CInlineAction.php(47): CAction->runWithParamsInternal(Object(PersonalinfoController), Object(ReflectionMethod), Array)
#10 /Applications/XAMPP/xamppfiles/htdocs/yii/framework/web/CController.php(308): CInlineAction->runWithParams(Array)
#11 /Applications/XAMPP/xamppfiles/htdocs/yii/framework/web/filters/CFilterChain.php(133): CController->runAction(Object(CInlineAction))
#12 /Applications/XAMPP/xamppfiles/htdocs/yii/framework/web/filters/CFilter.php(40): CFilterChain->run()
#13 /Applications/XAMPP/xamppfiles/htdocs/yii/framework/web/CController.php(1145): CFilter->filter(Object(CFilterChain))
#14 /Applications/XAMPP/xamppfiles/htdocs/yii/framework/web/filters/CInlineFilter.php(58): CController->filterAccessControl(Object(CFilterChain))
#15 /Applications/XAMPP/xamppfiles/htdocs/yii/framework/web/filters/CFilterChain.php(130): CInlineFilter->filter(Object(CFilterChain))
#16 /Applications/XAMPP/xamppfiles/htdocs/yii/framework/web/CController.php(291): CFilterChain->run()
#17 /Applications/XAMPP/xamppfiles/htdocs/yii/framework/web/CController.php(265): CController->runActionWithFilters(Object(CInlineAction), Array)
#18 /Applications/XAMPP/xamppfiles/htdocs/yii/framework/web/CWebApplication.php(282): CController->run('view')
#19 /Applications/XAMPP/xamppfiles/htdocs/yii/framework/web/CWebApplication.php(141): CWebApplication->runController('personalinfo/vi...')
#20 /Applications/XAMPP/xamppfiles/htdocs/yii/framework/base/CApplication.php(169): CWebApplication->processRequest()
#21 /Applications/XAMPP/xamppfiles/htdocs/HR/index.php(13): CApplication->run()
#22 {main}
REQUEST_URI=/HR/index.php?r=personalinfo/view&id=1
HTTP_REFERER=http://localhost/HR/index.php?r=personalinfo/index
---
2013/07/04 07:14:34 [error] [exception.CHttpException.400] exception 'CHttpException' with message 'Your request is invalid.' in /Applications/XAMPP/xamppfiles/htdocs/yii/framework/web/CController.php:336
Stack trace:
#0 /Applications/XAMPP/xamppfiles/htdocs/yii/framework/web/CController.php(309): CController->invalidActionParams(Object(CInlineAction))
#1 /Applications/XAMPP/xamppfiles/htdocs/yii/framework/web/filters/CFilterChain.php(133): CController->runAction(Object(CInlineAction))
#2 /Applications/XAMPP/xamppfiles/htdocs/yii/framework/web/filters/CFilter.php(40): CFilterChain->run()
#3 /Applications/XAMPP/xamppfiles/htdocs/yii/framework/web/CController.php(1145): CFilter->filter(Object(CFilterChain))
#4 /Applications/XAMPP/xamppfiles/htdocs/yii/framework/web/filters/CInlineFilter.php(58): CController->filterAccessControl(Object(CFilterChain))
#5 /Applications/XAMPP/xamppfiles/htdocs/yii/framework/web/filters/CFilterChain.php(130): CInlineFilter->filter(Object(CFilterChain))
#6 /Applications/XAMPP/xamppfiles/htdocs/yii/framework/web/CController.php(291): CFilterChain->run()
#7 /Applications/XAMPP/xamppfiles/htdocs/yii/framework/web/CController.php(265): CController->runActionWithFilters(Object(CInlineAction), Array)
#8 /Applications/XAMPP/xamppfiles/htdocs/yii/framework/web/CWebApplication.php(282): CController->run('view')
#9 /Applications/XAMPP/xamppfiles/htdocs/yii/framework/web/CWebApplication.php(141): CWebApplication->runController('personalinfo/vi...')
#10 /Applications/XAMPP/xamppfiles/htdocs/yii/framework/base/CApplication.php(169): CWebApplication->processRequest()
#11 /Applications/XAMPP/xamppfiles/htdocs/HR/index.php(13): CApplication->run()
#12 {main}
REQUEST_URI=/HR/index.php?r=personalinfo/view
HTTP_REFERER=http://localhost/HR/index.php?r=personalinfo/view&id=1
---
2013/07/04 07:24:45 [error] [exception.CHttpException.400] exception 'CHttpException' with message 'Your request is invalid.' in /Applications/XAMPP/xamppfiles/htdocs/yii/framework/web/CController.php:336
Stack trace:
#0 /Applications/XAMPP/xamppfiles/htdocs/yii/framework/web/CController.php(309): CController->invalidActionParams(Object(CInlineAction))
#1 /Applications/XAMPP/xamppfiles/htdocs/yii/framework/web/filters/CFilterChain.php(133): CController->runAction(Object(CInlineAction))
#2 /Applications/XAMPP/xamppfiles/htdocs/yii/framework/web/filters/CFilter.php(40): CFilterChain->run()
#3 /Applications/XAMPP/xamppfiles/htdocs/yii/framework/web/CController.php(1145): CFilter->filter(Object(CFilterChain))
#4 /Applications/XAMPP/xamppfiles/htdocs/yii/framework/web/filters/CInlineFilter.php(58): CController->filterAccessControl(Object(CFilterChain))
#5 /Applications/XAMPP/xamppfiles/htdocs/yii/framework/web/filters/CFilterChain.php(130): CInlineFilter->filter(Object(CFilterChain))
#6 /Applications/XAMPP/xamppfiles/htdocs/yii/framework/web/CController.php(291): CFilterChain->run()
#7 /Applications/XAMPP/xamppfiles/htdocs/yii/framework/web/CController.php(265): CController->runActionWithFilters(Object(CInlineAction), Array)
#8 /Applications/XAMPP/xamppfiles/htdocs/yii/framework/web/CWebApplication.php(282): CController->run('view')
#9 /Applications/XAMPP/xamppfiles/htdocs/yii/framework/web/CWebApplication.php(141): CWebApplication->runController('personalinfo/vi...')
#10 /Applications/XAMPP/xamppfiles/htdocs/yii/framework/base/CApplication.php(169): CWebApplication->processRequest()
#11 /Applications/XAMPP/xamppfiles/htdocs/HR/index.php(13): CApplication->run()
#12 {main}
REQUEST_URI=/HR/index.php?r=personalinfo/view
HTTP_REFERER=http://localhost/HR/index.php?r=personalinfo/view&id=1
---
2013/07/05 00:20:32 [error] [exception.CHttpException.404] exception 'CHttpException' with message 'The system is unable to find the requested action "education".' in /Applications/XAMPP/xamppfiles/htdocs/yii/framework/web/CController.php:483
Stack trace:
#0 /Applications/XAMPP/xamppfiles/htdocs/yii/framework/web/CController.php(270): CController->missingAction('education')
#1 /Applications/XAMPP/xamppfiles/htdocs/yii/framework/web/CWebApplication.php(282): CController->run('education')
#2 /Applications/XAMPP/xamppfiles/htdocs/yii/framework/web/CWebApplication.php(141): CWebApplication->runController('personalinfo/ed...')
#3 /Applications/XAMPP/xamppfiles/htdocs/yii/framework/base/CApplication.php(169): CWebApplication->processRequest()
#4 /Applications/XAMPP/xamppfiles/htdocs/HR/index.php(13): CApplication->run()
#5 {main}
REQUEST_URI=/HR/index.php?r=personalinfo/education
HTTP_REFERER=http://localhost/HR/index.php?r=personalinfo/view&id=1
---
2013/07/05 00:26:28 [error] [exception.CHttpException.400] exception 'CHttpException' with message 'Your request is invalid.' in /Applications/XAMPP/xamppfiles/htdocs/yii/framework/web/CController.php:336
Stack trace:
#0 /Applications/XAMPP/xamppfiles/htdocs/yii/framework/web/CController.php(309): CController->invalidActionParams(Object(CInlineAction))
#1 /Applications/XAMPP/xamppfiles/htdocs/yii/framework/web/filters/CFilterChain.php(133): CController->runAction(Object(CInlineAction))
#2 /Applications/XAMPP/xamppfiles/htdocs/yii/framework/web/filters/CFilter.php(40): CFilterChain->run()
#3 /Applications/XAMPP/xamppfiles/htdocs/yii/framework/web/CController.php(1145): CFilter->filter(Object(CFilterChain))
#4 /Applications/XAMPP/xamppfiles/htdocs/yii/framework/web/filters/CInlineFilter.php(58): CController->filterAccessControl(Object(CFilterChain))
#5 /Applications/XAMPP/xamppfiles/htdocs/yii/framework/web/filters/CFilterChain.php(130): CInlineFilter->filter(Object(CFilterChain))
#6 /Applications/XAMPP/xamppfiles/htdocs/yii/framework/web/CController.php(291): CFilterChain->run()
#7 /Applications/XAMPP/xamppfiles/htdocs/yii/framework/web/CController.php(265): CController->runActionWithFilters(Object(CInlineAction), Array)
#8 /Applications/XAMPP/xamppfiles/htdocs/yii/framework/web/CWebApplication.php(282): CController->run('')
#9 /Applications/XAMPP/xamppfiles/htdocs/yii/framework/web/CWebApplication.php(141): CWebApplication->runController('education')
#10 /Applications/XAMPP/xamppfiles/htdocs/yii/framework/base/CApplication.php(169): CWebApplication->processRequest()
#11 /Applications/XAMPP/xamppfiles/htdocs/HR/index.php(13): CApplication->run()
#12 {main}
REQUEST_URI=/HR/index.php?r=education&id=1
HTTP_REFERER=http://localhost/HR/index.php?r=personalinfo/view&id=1
---
2013/07/05 00:26:40 [error] [exception.CHttpException.400] exception 'CHttpException' with message 'Your request is invalid.' in /Applications/XAMPP/xamppfiles/htdocs/yii/framework/web/CController.php:336
Stack trace:
#0 /Applications/XAMPP/xamppfiles/htdocs/yii/framework/web/CController.php(309): CController->invalidActionParams(Object(CInlineAction))
#1 /Applications/XAMPP/xamppfiles/htdocs/yii/framework/web/filters/CFilterChain.php(133): CController->runAction(Object(CInlineAction))
#2 /Applications/XAMPP/xamppfiles/htdocs/yii/framework/web/filters/CFilter.php(40): CFilterChain->run()
#3 /Applications/XAMPP/xamppfiles/htdocs/yii/framework/web/CController.php(1145): CFilter->filter(Object(CFilterChain))
#4 /Applications/XAMPP/xamppfiles/htdocs/yii/framework/web/filters/CInlineFilter.php(58): CController->filterAccessControl(Object(CFilterChain))
#5 /Applications/XAMPP/xamppfiles/htdocs/yii/framework/web/filters/CFilterChain.php(130): CInlineFilter->filter(Object(CFilterChain))
#6 /Applications/XAMPP/xamppfiles/htdocs/yii/framework/web/CController.php(291): CFilterChain->run()
#7 /Applications/XAMPP/xamppfiles/htdocs/yii/framework/web/CController.php(265): CController->runActionWithFilters(Object(CInlineAction), Array)
#8 /Applications/XAMPP/xamppfiles/htdocs/yii/framework/web/CWebApplication.php(282): CController->run('')
#9 /Applications/XAMPP/xamppfiles/htdocs/yii/framework/web/CWebApplication.php(141): CWebApplication->runController('education')
#10 /Applications/XAMPP/xamppfiles/htdocs/yii/framework/base/CApplication.php(169): CWebApplication->processRequest()
#11 /Applications/XAMPP/xamppfiles/htdocs/HR/index.php(13): CApplication->run()
#12 {main}
REQUEST_URI=/HR/index.php?r=education&id=1
HTTP_REFERER=http://localhost/HR/index.php?r=personalinfo/view&id=1
---
2013/07/05 00:26:52 [error] [exception.CHttpException.400] exception 'CHttpException' with message 'Your request is invalid.' in /Applications/XAMPP/xamppfiles/htdocs/yii/framework/web/CController.php:336
Stack trace:
#0 /Applications/XAMPP/xamppfiles/htdocs/yii/framework/web/CController.php(309): CController->invalidActionParams(Object(CInlineAction))
#1 /Applications/XAMPP/xamppfiles/htdocs/yii/framework/web/filters/CFilterChain.php(133): CController->runAction(Object(CInlineAction))
#2 /Applications/XAMPP/xamppfiles/htdocs/yii/framework/web/filters/CFilter.php(40): CFilterChain->run()
#3 /Applications/XAMPP/xamppfiles/htdocs/yii/framework/web/CController.php(1145): CFilter->filter(Object(CFilterChain))
#4 /Applications/XAMPP/xamppfiles/htdocs/yii/framework/web/filters/CInlineFilter.php(58): CController->filterAccessControl(Object(CFilterChain))
#5 /Applications/XAMPP/xamppfiles/htdocs/yii/framework/web/filters/CFilterChain.php(130): CInlineFilter->filter(Object(CFilterChain))
#6 /Applications/XAMPP/xamppfiles/htdocs/yii/framework/web/CController.php(291): CFilterChain->run()
#7 /Applications/XAMPP/xamppfiles/htdocs/yii/framework/web/CController.php(265): CController->runActionWithFilters(Object(CInlineAction), Array)
#8 /Applications/XAMPP/xamppfiles/htdocs/yii/framework/web/CWebApplication.php(282): CController->run('')
#9 /Applications/XAMPP/xamppfiles/htdocs/yii/framework/web/CWebApplication.php(141): CWebApplication->runController('education')
#10 /Applications/XAMPP/xamppfiles/htdocs/yii/framework/base/CApplication.php(169): CWebApplication->processRequest()
#11 /Applications/XAMPP/xamppfiles/htdocs/HR/index.php(13): CApplication->run()
#12 {main}
REQUEST_URI=/HR/index.php?r=education&id=1
HTTP_REFERER=http://localhost/HR/index.php?r=personalinfo/view&id=1
---
2013/07/05 00:27:03 [error] [exception.CHttpException.400] exception 'CHttpException' with message 'Your request is invalid.' in /Applications/XAMPP/xamppfiles/htdocs/yii/framework/web/CController.php:336
Stack trace:
#0 /Applications/XAMPP/xamppfiles/htdocs/yii/framework/web/CController.php(309): CController->invalidActionParams(Object(CInlineAction))
#1 /Applications/XAMPP/xamppfiles/htdocs/yii/framework/web/filters/CFilterChain.php(133): CController->runAction(Object(CInlineAction))
#2 /Applications/XAMPP/xamppfiles/htdocs/yii/framework/web/filters/CFilter.php(40): CFilterChain->run()
#3 /Applications/XAMPP/xamppfiles/htdocs/yii/framework/web/CController.php(1145): CFilter->filter(Object(CFilterChain))
#4 /Applications/XAMPP/xamppfiles/htdocs/yii/framework/web/filters/CInlineFilter.php(58): CController->filterAccessControl(Object(CFilterChain))
#5 /Applications/XAMPP/xamppfiles/htdocs/yii/framework/web/filters/CFilterChain.php(130): CInlineFilter->filter(Object(CFilterChain))
#6 /Applications/XAMPP/xamppfiles/htdocs/yii/framework/web/CController.php(291): CFilterChain->run()
#7 /Applications/XAMPP/xamppfiles/htdocs/yii/framework/web/CController.php(265): CController->runActionWithFilters(Object(CInlineAction), Array)
#8 /Applications/XAMPP/xamppfiles/htdocs/yii/framework/web/CWebApplication.php(282): CController->run('')
#9 /Applications/XAMPP/xamppfiles/htdocs/yii/framework/web/CWebApplication.php(141): CWebApplication->runController('education')
#10 /Applications/XAMPP/xamppfiles/htdocs/yii/framework/base/CApplication.php(169): CWebApplication->processRequest()
#11 /Applications/XAMPP/xamppfiles/htdocs/HR/index.php(13): CApplication->run()
#12 {main}
REQUEST_URI=/HR/index.php?r=education&id=1
HTTP_REFERER=http://localhost/HR/index.php?r=personalinfo/view&id=1
---
2013/07/05 00:27:08 [error] [exception.CHttpException.400] exception 'CHttpException' with message 'Your request is invalid.' in /Applications/XAMPP/xamppfiles/htdocs/yii/framework/web/CController.php:336
Stack trace:
#0 /Applications/XAMPP/xamppfiles/htdocs/yii/framework/web/CController.php(309): CController->invalidActionParams(Object(CInlineAction))
#1 /Applications/XAMPP/xamppfiles/htdocs/yii/framework/web/filters/CFilterChain.php(133): CController->runAction(Object(CInlineAction))
#2 /Applications/XAMPP/xamppfiles/htdocs/yii/framework/web/filters/CFilter.php(40): CFilterChain->run()
#3 /Applications/XAMPP/xamppfiles/htdocs/yii/framework/web/CController.php(1145): CFilter->filter(Object(CFilterChain))
#4 /Applications/XAMPP/xamppfiles/htdocs/yii/framework/web/filters/CInlineFilter.php(58): CController->filterAccessControl(Object(CFilterChain))
#5 /Applications/XAMPP/xamppfiles/htdocs/yii/framework/web/filters/CFilterChain.php(130): CInlineFilter->filter(Object(CFilterChain))
#6 /Applications/XAMPP/xamppfiles/htdocs/yii/framework/web/CController.php(291): CFilterChain->run()
#7 /Applications/XAMPP/xamppfiles/htdocs/yii/framework/web/CController.php(265): CController->runActionWithFilters(Object(CInlineAction), Array)
#8 /Applications/XAMPP/xamppfiles/htdocs/yii/framework/web/CWebApplication.php(282): CController->run('')
#9 /Applications/XAMPP/xamppfiles/htdocs/yii/framework/web/CWebApplication.php(141): CWebApplication->runController('education')
#10 /Applications/XAMPP/xamppfiles/htdocs/yii/framework/base/CApplication.php(169): CWebApplication->processRequest()
#11 /Applications/XAMPP/xamppfiles/htdocs/HR/index.php(13): CApplication->run()
#12 {main}
REQUEST_URI=/HR/index.php?r=education&id=1
HTTP_REFERER=http://localhost/HR/index.php?r=personalinfo/view&id=1
---
2013/07/05 00:27:43 [error] [exception.CHttpException.400] exception 'CHttpException' with message 'Your request is invalid.' in /Applications/XAMPP/xamppfiles/htdocs/yii/framework/web/CController.php:336
Stack trace:
#0 /Applications/XAMPP/xamppfiles/htdocs/yii/framework/web/CController.php(309): CController->invalidActionParams(Object(CInlineAction))
#1 /Applications/XAMPP/xamppfiles/htdocs/yii/framework/web/filters/CFilterChain.php(133): CController->runAction(Object(CInlineAction))
#2 /Applications/XAMPP/xamppfiles/htdocs/yii/framework/web/filters/CFilter.php(40): CFilterChain->run()
#3 /Applications/XAMPP/xamppfiles/htdocs/yii/framework/web/CController.php(1145): CFilter->filter(Object(CFilterChain))
#4 /Applications/XAMPP/xamppfiles/htdocs/yii/framework/web/filters/CInlineFilter.php(58): CController->filterAccessControl(Object(CFilterChain))
#5 /Applications/XAMPP/xamppfiles/htdocs/yii/framework/web/filters/CFilterChain.php(130): CInlineFilter->filter(Object(CFilterChain))
#6 /Applications/XAMPP/xamppfiles/htdocs/yii/framework/web/CController.php(291): CFilterChain->run()
#7 /Applications/XAMPP/xamppfiles/htdocs/yii/framework/web/CController.php(265): CController->runActionWithFilters(Object(CInlineAction), Array)
#8 /Applications/XAMPP/xamppfiles/htdocs/yii/framework/web/CWebApplication.php(282): CController->run('')
#9 /Applications/XAMPP/xamppfiles/htdocs/yii/framework/web/CWebApplication.php(141): CWebApplication->runController('education')
#10 /Applications/XAMPP/xamppfiles/htdocs/yii/framework/base/CApplication.php(169): CWebApplication->processRequest()
#11 /Applications/XAMPP/xamppfiles/htdocs/HR/index.php(13): CApplication->run()
#12 {main}
REQUEST_URI=/HR/index.php?r=education&id=1
HTTP_REFERER=http://localhost/HR/index.php?r=personalinfo/view&id=1
---
2013/07/05 00:29:10 [error] [exception.CHttpException.400] exception 'CHttpException' with message 'Your request is invalid.' in /Applications/XAMPP/xamppfiles/htdocs/yii/framework/web/CController.php:336
Stack trace:
#0 /Applications/XAMPP/xamppfiles/htdocs/yii/framework/web/CController.php(309): CController->invalidActionParams(Object(CInlineAction))
#1 /Applications/XAMPP/xamppfiles/htdocs/yii/framework/web/filters/CFilterChain.php(133): CController->runAction(Object(CInlineAction))
#2 /Applications/XAMPP/xamppfiles/htdocs/yii/framework/web/filters/CFilter.php(40): CFilterChain->run()
#3 /Applications/XAMPP/xamppfiles/htdocs/yii/framework/web/CController.php(1145): CFilter->filter(Object(CFilterChain))
#4 /Applications/XAMPP/xamppfiles/htdocs/yii/framework/web/filters/CInlineFilter.php(58): CController->filterAccessControl(Object(CFilterChain))
#5 /Applications/XAMPP/xamppfiles/htdocs/yii/framework/web/filters/CFilterChain.php(130): CInlineFilter->filter(Object(CFilterChain))
#6 /Applications/XAMPP/xamppfiles/htdocs/yii/framework/web/CController.php(291): CFilterChain->run()
#7 /Applications/XAMPP/xamppfiles/htdocs/yii/framework/web/CController.php(265): CController->runActionWithFilters(Object(CInlineAction), Array)
#8 /Applications/XAMPP/xamppfiles/htdocs/yii/framework/web/CWebApplication.php(282): CController->run('')
#9 /Applications/XAMPP/xamppfiles/htdocs/yii/framework/web/CWebApplication.php(141): CWebApplication->runController('education')
#10 /Applications/XAMPP/xamppfiles/htdocs/yii/framework/base/CApplication.php(169): CWebApplication->processRequest()
#11 /Applications/XAMPP/xamppfiles/htdocs/HR/index.php(13): CApplication->run()
#12 {main}
REQUEST_URI=/HR/index.php?r=education&id=1
HTTP_REFERER=http://localhost/HR/index.php?r=personalinfo/view&id=1
---
2013/07/05 00:29:22 [error] [exception.CHttpException.400] exception 'CHttpException' with message 'Your request is invalid.' in /Applications/XAMPP/xamppfiles/htdocs/yii/framework/web/CController.php:336
Stack trace:
#0 /Applications/XAMPP/xamppfiles/htdocs/yii/framework/web/CController.php(309): CController->invalidActionParams(Object(CInlineAction))
#1 /Applications/XAMPP/xamppfiles/htdocs/yii/framework/web/filters/CFilterChain.php(133): CController->runAction(Object(CInlineAction))
#2 /Applications/XAMPP/xamppfiles/htdocs/yii/framework/web/filters/CFilter.php(40): CFilterChain->run()
#3 /Applications/XAMPP/xamppfiles/htdocs/yii/framework/web/CController.php(1145): CFilter->filter(Object(CFilterChain))
#4 /Applications/XAMPP/xamppfiles/htdocs/yii/framework/web/filters/CInlineFilter.php(58): CController->filterAccessControl(Object(CFilterChain))
#5 /Applications/XAMPP/xamppfiles/htdocs/yii/framework/web/filters/CFilterChain.php(130): CInlineFilter->filter(Object(CFilterChain))
#6 /Applications/XAMPP/xamppfiles/htdocs/yii/framework/web/CController.php(291): CFilterChain->run()
#7 /Applications/XAMPP/xamppfiles/htdocs/yii/framework/web/CController.php(265): CController->runActionWithFilters(Object(CInlineAction), Array)
#8 /Applications/XAMPP/xamppfiles/htdocs/yii/framework/web/CWebApplication.php(282): CController->run('')
#9 /Applications/XAMPP/xamppfiles/htdocs/yii/framework/web/CWebApplication.php(141): CWebApplication->runController('education')
#10 /Applications/XAMPP/xamppfiles/htdocs/yii/framework/base/CApplication.php(169): CWebApplication->processRequest()
#11 /Applications/XAMPP/xamppfiles/htdocs/HR/index.php(13): CApplication->run()
#12 {main}
REQUEST_URI=/HR/index.php?r=education&id=1
HTTP_REFERER=http://localhost/HR/index.php?r=personalinfo/view&id=1
---
2013/07/05 00:30:40 [error] [exception.CHttpException.400] exception 'CHttpException' with message 'Your request is invalid.' in /Applications/XAMPP/xamppfiles/htdocs/yii/framework/web/CController.php:336
Stack trace:
#0 /Applications/XAMPP/xamppfiles/htdocs/yii/framework/web/CController.php(309): CController->invalidActionParams(Object(CInlineAction))
#1 /Applications/XAMPP/xamppfiles/htdocs/yii/framework/web/filters/CFilterChain.php(133): CController->runAction(Object(CInlineAction))
#2 /Applications/XAMPP/xamppfiles/htdocs/yii/framework/web/filters/CFilter.php(40): CFilterChain->run()
#3 /Applications/XAMPP/xamppfiles/htdocs/yii/framework/web/CController.php(1145): CFilter->filter(Object(CFilterChain))
#4 /Applications/XAMPP/xamppfiles/htdocs/yii/framework/web/filters/CInlineFilter.php(58): CController->filterAccessControl(Object(CFilterChain))
#5 /Applications/XAMPP/xamppfiles/htdocs/yii/framework/web/filters/CFilterChain.php(130): CInlineFilter->filter(Object(CFilterChain))
#6 /Applications/XAMPP/xamppfiles/htdocs/yii/framework/web/CController.php(291): CFilterChain->run()
#7 /Applications/XAMPP/xamppfiles/htdocs/yii/framework/web/CController.php(265): CController->runActionWithFilters(Object(CInlineAction), Array)
#8 /Applications/XAMPP/xamppfiles/htdocs/yii/framework/web/CWebApplication.php(282): CController->run('')
#9 /Applications/XAMPP/xamppfiles/htdocs/yii/framework/web/CWebApplication.php(141): CWebApplication->runController('Education')
#10 /Applications/XAMPP/xamppfiles/htdocs/yii/framework/base/CApplication.php(169): CWebApplication->processRequest()
#11 /Applications/XAMPP/xamppfiles/htdocs/HR/index.php(13): CApplication->run()
#12 {main}
REQUEST_URI=/HR/index.php?r=Education&id=1
HTTP_REFERER=http://localhost/HR/index.php?r=personalinfo/view&id=1
---
2013/07/05 00:34:16 [error] [exception.CHttpException.400] exception 'CHttpException' with message 'Your request is invalid.' in /Applications/XAMPP/xamppfiles/htdocs/yii/framework/web/CController.php:336
Stack trace:
#0 /Applications/XAMPP/xamppfiles/htdocs/yii/framework/web/CController.php(309): CController->invalidActionParams(Object(CInlineAction))
#1 /Applications/XAMPP/xamppfiles/htdocs/yii/framework/web/filters/CFilterChain.php(133): CController->runAction(Object(CInlineAction))
#2 /Applications/XAMPP/xamppfiles/htdocs/yii/framework/web/filters/CFilter.php(40): CFilterChain->run()
#3 /Applications/XAMPP/xamppfiles/htdocs/yii/framework/web/CController.php(1145): CFilter->filter(Object(CFilterChain))
#4 /Applications/XAMPP/xamppfiles/htdocs/yii/framework/web/filters/CInlineFilter.php(58): CController->filterAccessControl(Object(CFilterChain))
#5 /Applications/XAMPP/xamppfiles/htdocs/yii/framework/web/filters/CFilterChain.php(130): CInlineFilter->filter(Object(CFilterChain))
#6 /Applications/XAMPP/xamppfiles/htdocs/yii/framework/web/CController.php(291): CFilterChain->run()
#7 /Applications/XAMPP/xamppfiles/htdocs/yii/framework/web/CController.php(265): CController->runActionWithFilters(Object(CInlineAction), Array)
#8 /Applications/XAMPP/xamppfiles/htdocs/yii/framework/web/CWebApplication.php(282): CController->run('index')
#9 /Applications/XAMPP/xamppfiles/htdocs/yii/framework/web/CWebApplication.php(141): CWebApplication->runController('education/index')
#10 /Applications/XAMPP/xamppfiles/htdocs/yii/framework/base/CApplication.php(169): CWebApplication->processRequest()
#11 /Applications/XAMPP/xamppfiles/htdocs/HR/index.php(13): CApplication->run()
#12 {main}
REQUEST_URI=/HR/index.php?r=education/index
HTTP_REFERER=http://localhost/HR/index.php?r=Education&id=1
---
2013/07/05 00:36:01 [error] [exception.CHttpException.400] exception 'CHttpException' with message 'Your request is invalid.' in /Applications/XAMPP/xamppfiles/htdocs/yii/framework/web/CController.php:336
Stack trace:
#0 /Applications/XAMPP/xamppfiles/htdocs/yii/framework/web/CController.php(309): CController->invalidActionParams(Object(CInlineAction))
#1 /Applications/XAMPP/xamppfiles/htdocs/yii/framework/web/filters/CFilterChain.php(133): CController->runAction(Object(CInlineAction))
#2 /Applications/XAMPP/xamppfiles/htdocs/yii/framework/web/filters/CFilter.php(40): CFilterChain->run()
#3 /Applications/XAMPP/xamppfiles/htdocs/yii/framework/web/CController.php(1145): CFilter->filter(Object(CFilterChain))
#4 /Applications/XAMPP/xamppfiles/htdocs/yii/framework/web/filters/CInlineFilter.php(58): CController->filterAccessControl(Object(CFilterChain))
#5 /Applications/XAMPP/xamppfiles/htdocs/yii/framework/web/filters/CFilterChain.php(130): CInlineFilter->filter(Object(CFilterChain))
#6 /Applications/XAMPP/xamppfiles/htdocs/yii/framework/web/CController.php(291): CFilterChain->run()
#7 /Applications/XAMPP/xamppfiles/htdocs/yii/framework/web/CController.php(265): CController->runActionWithFilters(Object(CInlineAction), Array)
#8 /Applications/XAMPP/xamppfiles/htdocs/yii/framework/web/CWebApplication.php(282): CController->run('')
#9 /Applications/XAMPP/xamppfiles/htdocs/yii/framework/web/CWebApplication.php(141): CWebApplication->runController('Education')
#10 /Applications/XAMPP/xamppfiles/htdocs/yii/framework/base/CApplication.php(169): CWebApplication->processRequest()
#11 /Applications/XAMPP/xamppfiles/htdocs/HR/index.php(13): CApplication->run()
#12 {main}
REQUEST_URI=/HR/index.php?r=Education&id=1
HTTP_REFERER=http://localhost/HR/index.php?r=personalinfo/view&id=1
---
2013/07/05 00:43:57 [error] [exception.CHttpException.400] exception 'CHttpException' with message 'Your request is invalid.' in /Applications/XAMPP/xamppfiles/htdocs/yii/framework/web/CController.php:336
Stack trace:
#0 /Applications/XAMPP/xamppfiles/htdocs/yii/framework/web/CController.php(309): CController->invalidActionParams(Object(CInlineAction))
#1 /Applications/XAMPP/xamppfiles/htdocs/yii/framework/web/filters/CFilterChain.php(133): CController->runAction(Object(CInlineAction))
#2 /Applications/XAMPP/xamppfiles/htdocs/yii/framework/web/filters/CFilter.php(40): CFilterChain->run()
#3 /Applications/XAMPP/xamppfiles/htdocs/yii/framework/web/CController.php(1145): CFilter->filter(Object(CFilterChain))
#4 /Applications/XAMPP/xamppfiles/htdocs/yii/framework/web/filters/CInlineFilter.php(58): CController->filterAccessControl(Object(CFilterChain))
#5 /Applications/XAMPP/xamppfiles/htdocs/yii/framework/web/filters/CFilterChain.php(130): CInlineFilter->filter(Object(CFilterChain))
#6 /Applications/XAMPP/xamppfiles/htdocs/yii/framework/web/CController.php(291): CFilterChain->run()
#7 /Applications/XAMPP/xamppfiles/htdocs/yii/framework/web/CController.php(265): CController->runActionWithFilters(Object(CInlineAction), Array)
#8 /Applications/XAMPP/xamppfiles/htdocs/yii/framework/web/CWebApplication.php(282): CController->run('view')
#9 /Applications/XAMPP/xamppfiles/htdocs/yii/framework/web/CWebApplication.php(141): CWebApplication->runController('personalinfo/vi...')
#10 /Applications/XAMPP/xamppfiles/htdocs/yii/framework/base/CApplication.php(169): CWebApplication->processRequest()
#11 /Applications/XAMPP/xamppfiles/htdocs/HR/index.php(13): CApplication->run()
#12 {main}
REQUEST_URI=/HR/index.php?r=personalinfo/view
HTTP_REFERER=http://localhost/HR/index.php?r=personalinfo/view&id=1
---
2013/07/05 00:58:54 [error] [exception.CHttpException.400] exception 'CHttpException' with message 'Your request is invalid.' in /Applications/XAMPP/xamppfiles/htdocs/yii/framework/web/CController.php:336
Stack trace:
#0 /Applications/XAMPP/xamppfiles/htdocs/yii/framework/web/CController.php(309): CController->invalidActionParams(Object(CInlineAction))
#1 /Applications/XAMPP/xamppfiles/htdocs/yii/framework/web/filters/CFilterChain.php(133): CController->runAction(Object(CInlineAction))
#2 /Applications/XAMPP/xamppfiles/htdocs/yii/framework/web/filters/CFilter.php(40): CFilterChain->run()
#3 /Applications/XAMPP/xamppfiles/htdocs/yii/framework/web/CController.php(1145): CFilter->filter(Object(CFilterChain))
#4 /Applications/XAMPP/xamppfiles/htdocs/yii/framework/web/filters/CInlineFilter.php(58): CController->filterAccessControl(Object(CFilterChain))
#5 /Applications/XAMPP/xamppfiles/htdocs/yii/framework/web/filters/CFilterChain.php(130): CInlineFilter->filter(Object(CFilterChain))
#6 /Applications/XAMPP/xamppfiles/htdocs/yii/framework/web/CController.php(291): CFilterChain->run()
#7 /Applications/XAMPP/xamppfiles/htdocs/yii/framework/web/CController.php(265): CController->runActionWithFilters(Object(CInlineAction), Array)
#8 /Applications/XAMPP/xamppfiles/htdocs/yii/framework/web/CWebApplication.php(282): CController->run('')
#9 /Applications/XAMPP/xamppfiles/htdocs/yii/framework/web/CWebApplication.php(141): CWebApplication->runController('Education')
#10 /Applications/XAMPP/xamppfiles/htdocs/yii/framework/base/CApplication.php(169): CWebApplication->processRequest()
#11 /Applications/XAMPP/xamppfiles/htdocs/HR/index.php(13): CApplication->run()
#12 {main}
REQUEST_URI=/HR/index.php?r=Education&educ_id=1&name=chan
HTTP_REFERER=http://localhost/HR/index.php?r=personalinfo/view&id=1
---
2013/07/05 01:00:27 [error] [exception.CHttpException.400] exception 'CHttpException' with message 'Your request is invalid.' in /Applications/XAMPP/xamppfiles/htdocs/yii/framework/web/CController.php:336
Stack trace:
#0 /Applications/XAMPP/xamppfiles/htdocs/yii/framework/web/CController.php(309): CController->invalidActionParams(Object(CInlineAction))
#1 /Applications/XAMPP/xamppfiles/htdocs/yii/framework/web/filters/CFilterChain.php(133): CController->runAction(Object(CInlineAction))
#2 /Applications/XAMPP/xamppfiles/htdocs/yii/framework/web/filters/CFilter.php(40): CFilterChain->run()
#3 /Applications/XAMPP/xamppfiles/htdocs/yii/framework/web/CController.php(1145): CFilter->filter(Object(CFilterChain))
#4 /Applications/XAMPP/xamppfiles/htdocs/yii/framework/web/filters/CInlineFilter.php(58): CController->filterAccessControl(Object(CFilterChain))
#5 /Applications/XAMPP/xamppfiles/htdocs/yii/framework/web/filters/CFilterChain.php(130): CInlineFilter->filter(Object(CFilterChain))
#6 /Applications/XAMPP/xamppfiles/htdocs/yii/framework/web/CController.php(291): CFilterChain->run()
#7 /Applications/XAMPP/xamppfiles/htdocs/yii/framework/web/CController.php(265): CController->runActionWithFilters(Object(CInlineAction), Array)
#8 /Applications/XAMPP/xamppfiles/htdocs/yii/framework/web/CWebApplication.php(282): CController->run('')
#9 /Applications/XAMPP/xamppfiles/htdocs/yii/framework/web/CWebApplication.php(141): CWebApplication->runController('personalinfo')
#10 /Applications/XAMPP/xamppfiles/htdocs/yii/framework/base/CApplication.php(169): CWebApplication->processRequest()
#11 /Applications/XAMPP/xamppfiles/htdocs/HR/index.php(13): CApplication->run()
#12 {main}
REQUEST_URI=/HR/index.php?r=personalinfo
HTTP_REFERER=http://localhost/HR/index.php?r=personalinfo/view&id=1
---
2013/07/05 01:00:31 [error] [exception.CException] exception 'CException' with message 'Property "Department.id" is not defined.' in /Applications/XAMPP/xamppfiles/htdocs/yii/framework/base/CComponent.php:130
Stack trace:
#0 /Applications/XAMPP/xamppfiles/htdocs/yii/framework/db/ar/CActiveRecord.php(143): CComponent->__get('id')
#1 /Applications/XAMPP/xamppfiles/htdocs/HR/protected/views/department/view.php(12): CActiveRecord->__get('id')
#2 /Applications/XAMPP/xamppfiles/htdocs/yii/framework/web/CBaseController.php(126): require('/Applications/X...')
#3 /Applications/XAMPP/xamppfiles/htdocs/yii/framework/web/CBaseController.php(95): CBaseController->renderInternal('/Applications/X...', Array, true)
#4 /Applications/XAMPP/xamppfiles/htdocs/yii/framework/web/CController.php(869): CBaseController->renderFile('/Applications/X...', Array, true)
#5 /Applications/XAMPP/xamppfiles/htdocs/yii/framework/web/CController.php(782): CController->renderPartial('view', Array, true)
#6 /Applications/XAMPP/xamppfiles/htdocs/HR/protected/controllers/DepartmentController.php(56): CController->render('view', Array)
#7 [internal function]: DepartmentController->actionView('1')
#8 /Applications/XAMPP/xamppfiles/htdocs/yii/framework/web/actions/CAction.php(108): ReflectionMethod->invokeArgs(Object(DepartmentController), Array)
#9 /Applications/XAMPP/xamppfiles/htdocs/yii/framework/web/actions/CInlineAction.php(47): CAction->runWithParamsInternal(Object(DepartmentController), Object(ReflectionMethod), Array)
#10 /Applications/XAMPP/xamppfiles/htdocs/yii/framework/web/CController.php(308): CInlineAction->runWithParams(Array)
#11 /Applications/XAMPP/xamppfiles/htdocs/yii/framework/web/filters/CFilterChain.php(133): CController->runAction(Object(CInlineAction))
#12 /Applications/XAMPP/xamppfiles/htdocs/yii/framework/web/filters/CFilter.php(40): CFilterChain->run()
#13 /Applications/XAMPP/xamppfiles/htdocs/yii/framework/web/CController.php(1145): CFilter->filter(Object(CFilterChain))
#14 /Applications/XAMPP/xamppfiles/htdocs/yii/framework/web/filters/CInlineFilter.php(58): CController->filterAccessControl(Object(CFilterChain))
#15 /Applications/XAMPP/xamppfiles/htdocs/yii/framework/web/filters/CFilterChain.php(130): CInlineFilter->filter(Object(CFilterChain))
#16 /Applications/XAMPP/xamppfiles/htdocs/yii/framework/web/CController.php(291): CFilterChain->run()
#17 /Applications/XAMPP/xamppfiles/htdocs/yii/framework/web/CController.php(265): CController->runActionWithFilters(Object(CInlineAction), Array)
#18 /Applications/XAMPP/xamppfiles/htdocs/yii/framework/web/CWebApplication.php(282): CController->run('view')
#19 /Applications/XAMPP/xamppfiles/htdocs/yii/framework/web/CWebApplication.php(141): CWebApplication->runController('department/view')
#20 /Applications/XAMPP/xamppfiles/htdocs/yii/framework/base/CApplication.php(169): CWebApplication->processRequest()
#21 /Applications/XAMPP/xamppfiles/htdocs/HR/index.php(13): CApplication->run()
#22 {main}
REQUEST_URI=/HR/index.php?r=department/view&id=1
HTTP_REFERER=http://localhost/HR/index.php?r=department
---
2013/07/05 01:01:23 [error] [exception.CHttpException.400] exception 'CHttpException' with message 'Your request is invalid.' in /Applications/XAMPP/xamppfiles/htdocs/yii/framework/web/CController.php:336
Stack trace:
#0 /Applications/XAMPP/xamppfiles/htdocs/yii/framework/web/CController.php(309): CController->invalidActionParams(Object(CInlineAction))
#1 /Applications/XAMPP/xamppfiles/htdocs/yii/framework/web/filters/CFilterChain.php(133): CController->runAction(Object(CInlineAction))
#2 /Applications/XAMPP/xamppfiles/htdocs/yii/framework/web/filters/CFilter.php(40): CFilterChain->run()
#3 /Applications/XAMPP/xamppfiles/htdocs/yii/framework/web/CController.php(1145): CFilter->filter(Object(CFilterChain))
#4 /Applications/XAMPP/xamppfiles/htdocs/yii/framework/web/filters/CInlineFilter.php(58): CController->filterAccessControl(Object(CFilterChain))
#5 /Applications/XAMPP/xamppfiles/htdocs/yii/framework/web/filters/CFilterChain.php(130): CInlineFilter->filter(Object(CFilterChain))
#6 /Applications/XAMPP/xamppfiles/htdocs/yii/framework/web/CController.php(291): CFilterChain->run()
#7 /Applications/XAMPP/xamppfiles/htdocs/yii/framework/web/CController.php(265): CController->runActionWithFilters(Object(CInlineAction), Array)
#8 /Applications/XAMPP/xamppfiles/htdocs/yii/framework/web/CWebApplication.php(282): CController->run('')
#9 /Applications/XAMPP/xamppfiles/htdocs/yii/framework/web/CWebApplication.php(141): CWebApplication->runController('personalinfo')
#10 /Applications/XAMPP/xamppfiles/htdocs/yii/framework/base/CApplication.php(169): CWebApplication->processRequest()
#11 /Applications/XAMPP/xamppfiles/htdocs/HR/index.php(13): CApplication->run()
#12 {main}
REQUEST_URI=/HR/index.php?r=personalinfo
HTTP_REFERER=http://localhost/HR/index.php?r=site/index
---
2013/07/05 01:02:21 [error] [exception.CHttpException.400] exception 'CHttpException' with message 'Your request is invalid.' in /Applications/XAMPP/xamppfiles/htdocs/yii/framework/web/CController.php:336
Stack trace:
#0 /Applications/XAMPP/xamppfiles/htdocs/yii/framework/web/CController.php(309): CController->invalidActionParams(Object(CInlineAction))
#1 /Applications/XAMPP/xamppfiles/htdocs/yii/framework/web/filters/CFilterChain.php(133): CController->runAction(Object(CInlineAction))
#2 /Applications/XAMPP/xamppfiles/htdocs/yii/framework/web/filters/CFilter.php(40): CFilterChain->run()
#3 /Applications/XAMPP/xamppfiles/htdocs/yii/framework/web/CController.php(1145): CFilter->filter(Object(CFilterChain))
#4 /Applications/XAMPP/xamppfiles/htdocs/yii/framework/web/filters/CInlineFilter.php(58): CController->filterAccessControl(Object(CFilterChain))
#5 /Applications/XAMPP/xamppfiles/htdocs/yii/framework/web/filters/CFilterChain.php(130): CInlineFilter->filter(Object(CFilterChain))
#6 /Applications/XAMPP/xamppfiles/htdocs/yii/framework/web/CController.php(291): CFilterChain->run()
#7 /Applications/XAMPP/xamppfiles/htdocs/yii/framework/web/CController.php(265): CController->runActionWithFilters(Object(CInlineAction), Array)
#8 /Applications/XAMPP/xamppfiles/htdocs/yii/framework/web/CWebApplication.php(282): CController->run('')
#9 /Applications/XAMPP/xamppfiles/htdocs/yii/framework/web/CWebApplication.php(141): CWebApplication->runController('personalinfo')
#10 /Applications/XAMPP/xamppfiles/htdocs/yii/framework/base/CApplication.php(169): CWebApplication->processRequest()
#11 /Applications/XAMPP/xamppfiles/htdocs/HR/index.php(13): CApplication->run()
#12 {main}
REQUEST_URI=/HR/index.php?r=personalinfo
HTTP_REFERER=http://localhost/HR/index.php?r=site/index
---
2013/07/05 01:02:22 [error] [exception.CHttpException.400] exception 'CHttpException' with message 'Your request is invalid.' in /Applications/XAMPP/xamppfiles/htdocs/yii/framework/web/CController.php:336
Stack trace:
#0 /Applications/XAMPP/xamppfiles/htdocs/yii/framework/web/CController.php(309): CController->invalidActionParams(Object(CInlineAction))
#1 /Applications/XAMPP/xamppfiles/htdocs/yii/framework/web/filters/CFilterChain.php(133): CController->runAction(Object(CInlineAction))
#2 /Applications/XAMPP/xamppfiles/htdocs/yii/framework/web/filters/CFilter.php(40): CFilterChain->run()
#3 /Applications/XAMPP/xamppfiles/htdocs/yii/framework/web/CController.php(1145): CFilter->filter(Object(CFilterChain))
#4 /Applications/XAMPP/xamppfiles/htdocs/yii/framework/web/filters/CInlineFilter.php(58): CController->filterAccessControl(Object(CFilterChain))
#5 /Applications/XAMPP/xamppfiles/htdocs/yii/framework/web/filters/CFilterChain.php(130): CInlineFilter->filter(Object(CFilterChain))
#6 /Applications/XAMPP/xamppfiles/htdocs/yii/framework/web/CController.php(291): CFilterChain->run()
#7 /Applications/XAMPP/xamppfiles/htdocs/yii/framework/web/CController.php(265): CController->runActionWithFilters(Object(CInlineAction), Array)
#8 /Applications/XAMPP/xamppfiles/htdocs/yii/framework/web/CWebApplication.php(282): CController->run('')
#9 /Applications/XAMPP/xamppfiles/htdocs/yii/framework/web/CWebApplication.php(141): CWebApplication->runController('personalinfo')
#10 /Applications/XAMPP/xamppfiles/htdocs/yii/framework/base/CApplication.php(169): CWebApplication->processRequest()
#11 /Applications/XAMPP/xamppfiles/htdocs/HR/index.php(13): CApplication->run()
#12 {main}
REQUEST_URI=/HR/index.php?r=personalinfo
HTTP_REFERER=http://localhost/HR/index.php?r=personalinfo
---
2013/07/05 01:02:24 [error] [exception.CHttpException.400] exception 'CHttpException' with message 'Your request is invalid.' in /Applications/XAMPP/xamppfiles/htdocs/yii/framework/web/CController.php:336
Stack trace:
#0 /Applications/XAMPP/xamppfiles/htdocs/yii/framework/web/CController.php(309): CController->invalidActionParams(Object(CInlineAction))
#1 /Applications/XAMPP/xamppfiles/htdocs/yii/framework/web/filters/CFilterChain.php(133): CController->runAction(Object(CInlineAction))
#2 /Applications/XAMPP/xamppfiles/htdocs/yii/framework/web/filters/CFilter.php(40): CFilterChain->run()
#3 /Applications/XAMPP/xamppfiles/htdocs/yii/framework/web/CController.php(1145): CFilter->filter(Object(CFilterChain))
#4 /Applications/XAMPP/xamppfiles/htdocs/yii/framework/web/filters/CInlineFilter.php(58): CController->filterAccessControl(Object(CFilterChain))
#5 /Applications/XAMPP/xamppfiles/htdocs/yii/framework/web/filters/CFilterChain.php(130): CInlineFilter->filter(Object(CFilterChain))
#6 /Applications/XAMPP/xamppfiles/htdocs/yii/framework/web/CController.php(291): CFilterChain->run()
#7 /Applications/XAMPP/xamppfiles/htdocs/yii/framework/web/CController.php(265): CController->runActionWithFilters(Object(CInlineAction), Array)
#8 /Applications/XAMPP/xamppfiles/htdocs/yii/framework/web/CWebApplication.php(282): CController->run('')
#9 /Applications/XAMPP/xamppfiles/htdocs/yii/framework/web/CWebApplication.php(141): CWebApplication->runController('personalinfo')
#10 /Applications/XAMPP/xamppfiles/htdocs/yii/framework/base/CApplication.php(169): CWebApplication->processRequest()
#11 /Applications/XAMPP/xamppfiles/htdocs/HR/index.php(13): CApplication->run()
#12 {main}
REQUEST_URI=/HR/index.php?r=personalinfo
HTTP_REFERER=http://localhost/HR/index.php?r=site/index
---
2013/07/05 01:02:43 [error] [exception.CHttpException.400] exception 'CHttpException' with message 'Your request is invalid.' in /Applications/XAMPP/xamppfiles/htdocs/yii/framework/web/CController.php:336
Stack trace:
#0 /Applications/XAMPP/xamppfiles/htdocs/yii/framework/web/CController.php(309): CController->invalidActionParams(Object(CInlineAction))
#1 /Applications/XAMPP/xamppfiles/htdocs/yii/framework/web/filters/CFilterChain.php(133): CController->runAction(Object(CInlineAction))
#2 /Applications/XAMPP/xamppfiles/htdocs/yii/framework/web/filters/CFilter.php(40): CFilterChain->run()
#3 /Applications/XAMPP/xamppfiles/htdocs/yii/framework/web/CController.php(1145): CFilter->filter(Object(CFilterChain))
#4 /Applications/XAMPP/xamppfiles/htdocs/yii/framework/web/filters/CInlineFilter.php(58): CController->filterAccessControl(Object(CFilterChain))
#5 /Applications/XAMPP/xamppfiles/htdocs/yii/framework/web/filters/CFilterChain.php(130): CInlineFilter->filter(Object(CFilterChain))
#6 /Applications/XAMPP/xamppfiles/htdocs/yii/framework/web/CController.php(291): CFilterChain->run()
#7 /Applications/XAMPP/xamppfiles/htdocs/yii/framework/web/CController.php(265): CController->runActionWithFilters(Object(CInlineAction), Array)
#8 /Applications/XAMPP/xamppfiles/htdocs/yii/framework/web/CWebApplication.php(282): CController->run('')
#9 /Applications/XAMPP/xamppfiles/htdocs/yii/framework/web/CWebApplication.php(141): CWebApplication->runController('personalinfo')
#10 /Applications/XAMPP/xamppfiles/htdocs/yii/framework/base/CApplication.php(169): CWebApplication->processRequest()
#11 /Applications/XAMPP/xamppfiles/htdocs/HR/index.php(13): CApplication->run()
#12 {main}
REQUEST_URI=/HR/index.php?r=personalinfo
HTTP_REFERER=http://localhost/HR/index.php
---
2013/07/05 01:02:45 [error] [exception.CHttpException.400] exception 'CHttpException' with message 'Your request is invalid.' in /Applications/XAMPP/xamppfiles/htdocs/yii/framework/web/CController.php:336
Stack trace:
#0 /Applications/XAMPP/xamppfiles/htdocs/yii/framework/web/CController.php(309): CController->invalidActionParams(Object(CInlineAction))
#1 /Applications/XAMPP/xamppfiles/htdocs/yii/framework/web/filters/CFilterChain.php(133): CController->runAction(Object(CInlineAction))
#2 /Applications/XAMPP/xamppfiles/htdocs/yii/framework/web/filters/CFilter.php(40): CFilterChain->run()
#3 /Applications/XAMPP/xamppfiles/htdocs/yii/framework/web/CController.php(1145): CFilter->filter(Object(CFilterChain))
#4 /Applications/XAMPP/xamppfiles/htdocs/yii/framework/web/filters/CInlineFilter.php(58): CController->filterAccessControl(Object(CFilterChain))
#5 /Applications/XAMPP/xamppfiles/htdocs/yii/framework/web/filters/CFilterChain.php(130): CInlineFilter->filter(Object(CFilterChain))
#6 /Applications/XAMPP/xamppfiles/htdocs/yii/framework/web/CController.php(291): CFilterChain->run()
#7 /Applications/XAMPP/xamppfiles/htdocs/yii/framework/web/CController.php(265): CController->runActionWithFilters(Object(CInlineAction), Array)
#8 /Applications/XAMPP/xamppfiles/htdocs/yii/framework/web/CWebApplication.php(282): CController->run('')
#9 /Applications/XAMPP/xamppfiles/htdocs/yii/framework/web/CWebApplication.php(141): CWebApplication->runController('personalinfo')
#10 /Applications/XAMPP/xamppfiles/htdocs/yii/framework/base/CApplication.php(169): CWebApplication->processRequest()
#11 /Applications/XAMPP/xamppfiles/htdocs/HR/index.php(13): CApplication->run()
#12 {main}
REQUEST_URI=/HR/index.php?r=personalinfo
HTTP_REFERER=http://localhost/HR/index.php?r=site/index
---
2013/07/05 01:02:46 [error] [exception.CHttpException.400] exception 'CHttpException' with message 'Your request is invalid.' in /Applications/XAMPP/xamppfiles/htdocs/yii/framework/web/CController.php:336
Stack trace:
#0 /Applications/XAMPP/xamppfiles/htdocs/yii/framework/web/CController.php(309): CController->invalidActionParams(Object(CInlineAction))
#1 /Applications/XAMPP/xamppfiles/htdocs/yii/framework/web/filters/CFilterChain.php(133): CController->runAction(Object(CInlineAction))
#2 /Applications/XAMPP/xamppfiles/htdocs/yii/framework/web/filters/CFilter.php(40): CFilterChain->run()
#3 /Applications/XAMPP/xamppfiles/htdocs/yii/framework/web/CController.php(1145): CFilter->filter(Object(CFilterChain))
#4 /Applications/XAMPP/xamppfiles/htdocs/yii/framework/web/filters/CInlineFilter.php(58): CController->filterAccessControl(Object(CFilterChain))
#5 /Applications/XAMPP/xamppfiles/htdocs/yii/framework/web/filters/CFilterChain.php(130): CInlineFilter->filter(Object(CFilterChain))
#6 /Applications/XAMPP/xamppfiles/htdocs/yii/framework/web/CController.php(291): CFilterChain->run()
#7 /Applications/XAMPP/xamppfiles/htdocs/yii/framework/web/CController.php(265): CController->runActionWithFilters(Object(CInlineAction), Array)
#8 /Applications/XAMPP/xamppfiles/htdocs/yii/framework/web/CWebApplication.php(282): CController->run('')
#9 /Applications/XAMPP/xamppfiles/htdocs/yii/framework/web/CWebApplication.php(141): CWebApplication->runController('personalinfo')
#10 /Applications/XAMPP/xamppfiles/htdocs/yii/framework/base/CApplication.php(169): CWebApplication->processRequest()
#11 /Applications/XAMPP/xamppfiles/htdocs/HR/index.php(13): CApplication->run()
#12 {main}
REQUEST_URI=/HR/index.php?r=personalinfo
HTTP_REFERER=http://localhost/HR/index.php?r=site/index
---
2013/07/05 01:03:25 [error] [exception.CHttpException.400] exception 'CHttpException' with message 'Your request is invalid.' in /Applications/XAMPP/xamppfiles/htdocs/yii/framework/web/CController.php:336
Stack trace:
#0 /Applications/XAMPP/xamppfiles/htdocs/yii/framework/web/CController.php(309): CController->invalidActionParams(Object(CInlineAction))
#1 /Applications/XAMPP/xamppfiles/htdocs/yii/framework/web/filters/CFilterChain.php(133): CController->runAction(Object(CInlineAction))
#2 /Applications/XAMPP/xamppfiles/htdocs/yii/framework/web/filters/CFilter.php(40): CFilterChain->run()
#3 /Applications/XAMPP/xamppfiles/htdocs/yii/framework/web/CController.php(1145): CFilter->filter(Object(CFilterChain))
#4 /Applications/XAMPP/xamppfiles/htdocs/yii/framework/web/filters/CInlineFilter.php(58): CController->filterAccessControl(Object(CFilterChain))
#5 /Applications/XAMPP/xamppfiles/htdocs/yii/framework/web/filters/CFilterChain.php(130): CInlineFilter->filter(Object(CFilterChain))
#6 /Applications/XAMPP/xamppfiles/htdocs/yii/framework/web/CController.php(291): CFilterChain->run()
#7 /Applications/XAMPP/xamppfiles/htdocs/yii/framework/web/CController.php(265): CController->runActionWithFilters(Object(CInlineAction), Array)
#8 /Applications/XAMPP/xamppfiles/htdocs/yii/framework/web/CWebApplication.php(282): CController->run('')
#9 /Applications/XAMPP/xamppfiles/htdocs/yii/framework/web/CWebApplication.php(141): CWebApplication->runController('personalinfo')
#10 /Applications/XAMPP/xamppfiles/htdocs/yii/framework/base/CApplication.php(169): CWebApplication->processRequest()
#11 /Applications/XAMPP/xamppfiles/htdocs/HR/index.php(13): CApplication->run()
#12 {main}
REQUEST_URI=/HR/index.php?r=personalinfo
HTTP_REFERER=http://localhost/HR/index.php?r=site/index
---
2013/07/05 01:03:27 [error] [exception.CHttpException.400] exception 'CHttpException' with message 'Your request is invalid.' in /Applications/XAMPP/xamppfiles/htdocs/yii/framework/web/CController.php:336
Stack trace:
#0 /Applications/XAMPP/xamppfiles/htdocs/yii/framework/web/CController.php(309): CController->invalidActionParams(Object(CInlineAction))
#1 /Applications/XAMPP/xamppfiles/htdocs/yii/framework/web/filters/CFilterChain.php(133): CController->runAction(Object(CInlineAction))
#2 /Applications/XAMPP/xamppfiles/htdocs/yii/framework/web/filters/CFilter.php(40): CFilterChain->run()
#3 /Applications/XAMPP/xamppfiles/htdocs/yii/framework/web/CController.php(1145): CFilter->filter(Object(CFilterChain))
#4 /Applications/XAMPP/xamppfiles/htdocs/yii/framework/web/filters/CInlineFilter.php(58): CController->filterAccessControl(Object(CFilterChain))
#5 /Applications/XAMPP/xamppfiles/htdocs/yii/framework/web/filters/CFilterChain.php(130): CInlineFilter->filter(Object(CFilterChain))
#6 /Applications/XAMPP/xamppfiles/htdocs/yii/framework/web/CController.php(291): CFilterChain->run()
#7 /Applications/XAMPP/xamppfiles/htdocs/yii/framework/web/CController.php(265): CController->runActionWithFilters(Object(CInlineAction), Array)
#8 /Applications/XAMPP/xamppfiles/htdocs/yii/framework/web/CWebApplication.php(282): CController->run('')
#9 /Applications/XAMPP/xamppfiles/htdocs/yii/framework/web/CWebApplication.php(141): CWebApplication->runController('personalinfo')
#10 /Applications/XAMPP/xamppfiles/htdocs/yii/framework/base/CApplication.php(169): CWebApplication->processRequest()
#11 /Applications/XAMPP/xamppfiles/htdocs/HR/index.php(13): CApplication->run()
#12 {main}
REQUEST_URI=/HR/index.php?r=personalinfo
HTTP_REFERER=http://localhost/HR/index.php?r=site/index
---
2013/07/05 01:03:32 [error] [exception.CHttpException.400] exception 'CHttpException' with message 'Your request is invalid.' in /Applications/XAMPP/xamppfiles/htdocs/yii/framework/web/CController.php:336
Stack trace:
#0 /Applications/XAMPP/xamppfiles/htdocs/yii/framework/web/CController.php(309): CController->invalidActionParams(Object(CInlineAction))
#1 /Applications/XAMPP/xamppfiles/htdocs/yii/framework/web/filters/CFilterChain.php(133): CController->runAction(Object(CInlineAction))
#2 /Applications/XAMPP/xamppfiles/htdocs/yii/framework/web/filters/CFilter.php(40): CFilterChain->run()
#3 /Applications/XAMPP/xamppfiles/htdocs/yii/framework/web/CController.php(1145): CFilter->filter(Object(CFilterChain))
#4 /Applications/XAMPP/xamppfiles/htdocs/yii/framework/web/filters/CInlineFilter.php(58): CController->filterAccessControl(Object(CFilterChain))
#5 /Applications/XAMPP/xamppfiles/htdocs/yii/framework/web/filters/CFilterChain.php(130): CInlineFilter->filter(Object(CFilterChain))
#6 /Applications/XAMPP/xamppfiles/htdocs/yii/framework/web/CController.php(291): CFilterChain->run()
#7 /Applications/XAMPP/xamppfiles/htdocs/yii/framework/web/CController.php(265): CController->runActionWithFilters(Object(CInlineAction), Array)
#8 /Applications/XAMPP/xamppfiles/htdocs/yii/framework/web/CWebApplication.php(282): CController->run('')
#9 /Applications/XAMPP/xamppfiles/htdocs/yii/framework/web/CWebApplication.php(141): CWebApplication->runController('personalinfo')
#10 /Applications/XAMPP/xamppfiles/htdocs/yii/framework/base/CApplication.php(169): CWebApplication->processRequest()
#11 /Applications/XAMPP/xamppfiles/htdocs/HR/index.php(13): CApplication->run()
#12 {main}
REQUEST_URI=/HR/index.php?r=personalinfo
HTTP_REFERER=http://localhost/HR/index.php?r=department
---
2013/07/05 01:03:34 [error] [exception.CHttpException.400] exception 'CHttpException' with message 'Your request is invalid.' in /Applications/XAMPP/xamppfiles/htdocs/yii/framework/web/CController.php:336
Stack trace:
#0 /Applications/XAMPP/xamppfiles/htdocs/yii/framework/web/CController.php(309): CController->invalidActionParams(Object(CInlineAction))
#1 /Applications/XAMPP/xamppfiles/htdocs/yii/framework/web/filters/CFilterChain.php(133): CController->runAction(Object(CInlineAction))
#2 /Applications/XAMPP/xamppfiles/htdocs/yii/framework/web/filters/CFilter.php(40): CFilterChain->run()
#3 /Applications/XAMPP/xamppfiles/htdocs/yii/framework/web/CController.php(1145): CFilter->filter(Object(CFilterChain))
#4 /Applications/XAMPP/xamppfiles/htdocs/yii/framework/web/filters/CInlineFilter.php(58): CController->filterAccessControl(Object(CFilterChain))
#5 /Applications/XAMPP/xamppfiles/htdocs/yii/framework/web/filters/CFilterChain.php(130): CInlineFilter->filter(Object(CFilterChain))
#6 /Applications/XAMPP/xamppfiles/htdocs/yii/framework/web/CController.php(291): CFilterChain->run()
#7 /Applications/XAMPP/xamppfiles/htdocs/yii/framework/web/CController.php(265): CController->runActionWithFilters(Object(CInlineAction), Array)
#8 /Applications/XAMPP/xamppfiles/htdocs/yii/framework/web/CWebApplication.php(282): CController->run('')
#9 /Applications/XAMPP/xamppfiles/htdocs/yii/framework/web/CWebApplication.php(141): CWebApplication->runController('personalinfo')
#10 /Applications/XAMPP/xamppfiles/htdocs/yii/framework/base/CApplication.php(169): CWebApplication->processRequest()
#11 /Applications/XAMPP/xamppfiles/htdocs/HR/index.php(13): CApplication->run()
#12 {main}
REQUEST_URI=/HR/index.php?r=personalinfo
HTTP_REFERER=http://localhost/HR/index.php?r=department
---
2013/07/05 01:04:39 [error] [exception.CHttpException.400] exception 'CHttpException' with message 'Your request is invalid.' in /Applications/XAMPP/xamppfiles/htdocs/yii/framework/web/CController.php:336
Stack trace:
#0 /Applications/XAMPP/xamppfiles/htdocs/yii/framework/web/CController.php(309): CController->invalidActionParams(Object(CInlineAction))
#1 /Applications/XAMPP/xamppfiles/htdocs/yii/framework/web/filters/CFilterChain.php(133): CController->runAction(Object(CInlineAction))
#2 /Applications/XAMPP/xamppfiles/htdocs/yii/framework/web/filters/CFilter.php(40): CFilterChain->run()
#3 /Applications/XAMPP/xamppfiles/htdocs/yii/framework/web/CController.php(1145): CFilter->filter(Object(CFilterChain))
#4 /Applications/XAMPP/xamppfiles/htdocs/yii/framework/web/filters/CInlineFilter.php(58): CController->filterAccessControl(Object(CFilterChain))
#5 /Applications/XAMPP/xamppfiles/htdocs/yii/framework/web/filters/CFilterChain.php(130): CInlineFilter->filter(Object(CFilterChain))
#6 /Applications/XAMPP/xamppfiles/htdocs/yii/framework/web/CController.php(291): CFilterChain->run()
#7 /Applications/XAMPP/xamppfiles/htdocs/yii/framework/web/CController.php(265): CController->runActionWithFilters(Object(CInlineAction), Array)
#8 /Applications/XAMPP/xamppfiles/htdocs/yii/framework/web/CWebApplication.php(282): CController->run('')
#9 /Applications/XAMPP/xamppfiles/htdocs/yii/framework/web/CWebApplication.php(141): CWebApplication->runController('personalinfo')
#10 /Applications/XAMPP/xamppfiles/htdocs/yii/framework/base/CApplication.php(169): CWebApplication->processRequest()
#11 /Applications/XAMPP/xamppfiles/htdocs/HR/index.php(13): CApplication->run()
#12 {main}
REQUEST_URI=/HR/index.php?r=personalinfo
HTTP_REFERER=http://localhost/HR/index.php?r=personalinfo&dept_id=1
---
2013/07/05 01:05:26 [error] [exception.CHttpException.400] exception 'CHttpException' with message 'Your request is invalid.' in /Applications/XAMPP/xamppfiles/htdocs/yii/framework/web/CController.php:336
Stack trace:
#0 /Applications/XAMPP/xamppfiles/htdocs/yii/framework/web/CController.php(309): CController->invalidActionParams(Object(CInlineAction))
#1 /Applications/XAMPP/xamppfiles/htdocs/yii/framework/web/filters/CFilterChain.php(133): CController->runAction(Object(CInlineAction))
#2 /Applications/XAMPP/xamppfiles/htdocs/yii/framework/web/filters/CFilter.php(40): CFilterChain->run()
#3 /Applications/XAMPP/xamppfiles/htdocs/yii/framework/web/CController.php(1145): CFilter->filter(Object(CFilterChain))
#4 /Applications/XAMPP/xamppfiles/htdocs/yii/framework/web/filters/CInlineFilter.php(58): CController->filterAccessControl(Object(CFilterChain))
#5 /Applications/XAMPP/xamppfiles/htdocs/yii/framework/web/filters/CFilterChain.php(130): CInlineFilter->filter(Object(CFilterChain))
#6 /Applications/XAMPP/xamppfiles/htdocs/yii/framework/web/CController.php(291): CFilterChain->run()
#7 /Applications/XAMPP/xamppfiles/htdocs/yii/framework/web/CController.php(265): CController->runActionWithFilters(Object(CInlineAction), Array)
#8 /Applications/XAMPP/xamppfiles/htdocs/yii/framework/web/CWebApplication.php(282): CController->run('')
#9 /Applications/XAMPP/xamppfiles/htdocs/yii/framework/web/CWebApplication.php(141): CWebApplication->runController('personalinfo')
#10 /Applications/XAMPP/xamppfiles/htdocs/yii/framework/base/CApplication.php(169): CWebApplication->processRequest()
#11 /Applications/XAMPP/xamppfiles/htdocs/HR/index.php(13): CApplication->run()
#12 {main}
REQUEST_URI=/HR/index.php?r=personalinfo
HTTP_REFERER=http://localhost/HR/index.php?r=personalinfo&dept_id=1
---
2013/07/05 01:05:27 [error] [exception.CHttpException.400] exception 'CHttpException' with message 'Your request is invalid.' in /Applications/XAMPP/xamppfiles/htdocs/yii/framework/web/CController.php:336
Stack trace:
#0 /Applications/XAMPP/xamppfiles/htdocs/yii/framework/web/CController.php(309): CController->invalidActionParams(Object(CInlineAction))
#1 /Applications/XAMPP/xamppfiles/htdocs/yii/framework/web/filters/CFilterChain.php(133): CController->runAction(Object(CInlineAction))
#2 /Applications/XAMPP/xamppfiles/htdocs/yii/framework/web/filters/CFilter.php(40): CFilterChain->run()
#3 /Applications/XAMPP/xamppfiles/htdocs/yii/framework/web/CController.php(1145): CFilter->filter(Object(CFilterChain))
#4 /Applications/XAMPP/xamppfiles/htdocs/yii/framework/web/filters/CInlineFilter.php(58): CController->filterAccessControl(Object(CFilterChain))
#5 /Applications/XAMPP/xamppfiles/htdocs/yii/framework/web/filters/CFilterChain.php(130): CInlineFilter->filter(Object(CFilterChain))
#6 /Applications/XAMPP/xamppfiles/htdocs/yii/framework/web/CController.php(291): CFilterChain->run()
#7 /Applications/XAMPP/xamppfiles/htdocs/yii/framework/web/CController.php(265): CController->runActionWithFilters(Object(CInlineAction), Array)
#8 /Applications/XAMPP/xamppfiles/htdocs/yii/framework/web/CWebApplication.php(282): CController->run('')
#9 /Applications/XAMPP/xamppfiles/htdocs/yii/framework/web/CWebApplication.php(141): CWebApplication->runController('personalinfo')
#10 /Applications/XAMPP/xamppfiles/htdocs/yii/framework/base/CApplication.php(169): CWebApplication->processRequest()
#11 /Applications/XAMPP/xamppfiles/htdocs/HR/index.php(13): CApplication->run()
#12 {main}
REQUEST_URI=/HR/index.php?r=personalinfo
HTTP_REFERER=http://localhost/HR/index.php?r=personalinfo
---
2013/07/05 01:05:28 [error] [exception.CHttpException.400] exception 'CHttpException' with message 'Your request is invalid.' in /Applications/XAMPP/xamppfiles/htdocs/yii/framework/web/CController.php:336
Stack trace:
#0 /Applications/XAMPP/xamppfiles/htdocs/yii/framework/web/CController.php(309): CController->invalidActionParams(Object(CInlineAction))
#1 /Applications/XAMPP/xamppfiles/htdocs/yii/framework/web/filters/CFilterChain.php(133): CController->runAction(Object(CInlineAction))
#2 /Applications/XAMPP/xamppfiles/htdocs/yii/framework/web/filters/CFilter.php(40): CFilterChain->run()
#3 /Applications/XAMPP/xamppfiles/htdocs/yii/framework/web/CController.php(1145): CFilter->filter(Object(CFilterChain))
#4 /Applications/XAMPP/xamppfiles/htdocs/yii/framework/web/filters/CInlineFilter.php(58): CController->filterAccessControl(Object(CFilterChain))
#5 /Applications/XAMPP/xamppfiles/htdocs/yii/framework/web/filters/CFilterChain.php(130): CInlineFilter->filter(Object(CFilterChain))
#6 /Applications/XAMPP/xamppfiles/htdocs/yii/framework/web/CController.php(291): CFilterChain->run()
#7 /Applications/XAMPP/xamppfiles/htdocs/yii/framework/web/CController.php(265): CController->runActionWithFilters(Object(CInlineAction), Array)
#8 /Applications/XAMPP/xamppfiles/htdocs/yii/framework/web/CWebApplication.php(282): CController->run('')
#9 /Applications/XAMPP/xamppfiles/htdocs/yii/framework/web/CWebApplication.php(141): CWebApplication->runController('personalinfo')
#10 /Applications/XAMPP/xamppfiles/htdocs/yii/framework/base/CApplication.php(169): CWebApplication->processRequest()
#11 /Applications/XAMPP/xamppfiles/htdocs/HR/index.php(13): CApplication->run()
#12 {main}
REQUEST_URI=/HR/index.php?r=personalinfo
HTTP_REFERER=http://localhost/HR/index.php?r=personalinfo
---
2013/07/05 01:06:27 [error] [exception.CHttpException.400] exception 'CHttpException' with message 'Your request is invalid.' in /Applications/XAMPP/xamppfiles/htdocs/yii/framework/web/CController.php:336
Stack trace:
#0 /Applications/XAMPP/xamppfiles/htdocs/yii/framework/web/CController.php(309): CController->invalidActionParams(Object(CInlineAction))
#1 /Applications/XAMPP/xamppfiles/htdocs/yii/framework/web/filters/CFilterChain.php(133): CController->runAction(Object(CInlineAction))
#2 /Applications/XAMPP/xamppfiles/htdocs/yii/framework/web/filters/CFilter.php(40): CFilterChain->run()
#3 /Applications/XAMPP/xamppfiles/htdocs/yii/framework/web/CController.php(1145): CFilter->filter(Object(CFilterChain))
#4 /Applications/XAMPP/xamppfiles/htdocs/yii/framework/web/filters/CInlineFilter.php(58): CController->filterAccessControl(Object(CFilterChain))
#5 /Applications/XAMPP/xamppfiles/htdocs/yii/framework/web/filters/CFilterChain.php(130): CInlineFilter->filter(Object(CFilterChain))
#6 /Applications/XAMPP/xamppfiles/htdocs/yii/framework/web/CController.php(291): CFilterChain->run()
#7 /Applications/XAMPP/xamppfiles/htdocs/yii/framework/web/CController.php(265): CController->runActionWithFilters(Object(CInlineAction), Array)
#8 /Applications/XAMPP/xamppfiles/htdocs/yii/framework/web/CWebApplication.php(282): CController->run('')
#9 /Applications/XAMPP/xamppfiles/htdocs/yii/framework/web/CWebApplication.php(141): CWebApplication->runController('personalinfo')
#10 /Applications/XAMPP/xamppfiles/htdocs/yii/framework/base/CApplication.php(169): CWebApplication->processRequest()
#11 /Applications/XAMPP/xamppfiles/htdocs/HR/index.php(13): CApplication->run()
#12 {main}
REQUEST_URI=/HR/index.php?r=personalinfo
HTTP_REFERER=http://localhost/HR/index.php?r=personalinfo&dept_id=1
---
2013/07/05 01:06:35 [error] [exception.CHttpException.400] exception 'CHttpException' with message 'Your request is invalid.' in /Applications/XAMPP/xamppfiles/htdocs/yii/framework/web/CController.php:336
Stack trace:
#0 /Applications/XAMPP/xamppfiles/htdocs/yii/framework/web/CController.php(309): CController->invalidActionParams(Object(CInlineAction))
#1 /Applications/XAMPP/xamppfiles/htdocs/yii/framework/web/filters/CFilterChain.php(133): CController->runAction(Object(CInlineAction))
#2 /Applications/XAMPP/xamppfiles/htdocs/yii/framework/web/filters/CFilter.php(40): CFilterChain->run()
#3 /Applications/XAMPP/xamppfiles/htdocs/yii/framework/web/CController.php(1145): CFilter->filter(Object(CFilterChain))
#4 /Applications/XAMPP/xamppfiles/htdocs/yii/framework/web/filters/CInlineFilter.php(58): CController->filterAccessControl(Object(CFilterChain))
#5 /Applications/XAMPP/xamppfiles/htdocs/yii/framework/web/filters/CFilterChain.php(130): CInlineFilter->filter(Object(CFilterChain))
#6 /Applications/XAMPP/xamppfiles/htdocs/yii/framework/web/CController.php(291): CFilterChain->run()
#7 /Applications/XAMPP/xamppfiles/htdocs/yii/framework/web/CController.php(265): CController->runActionWithFilters(Object(CInlineAction), Array)
#8 /Applications/XAMPP/xamppfiles/htdocs/yii/framework/web/CWebApplication.php(282): CController->run('')
#9 /Applications/XAMPP/xamppfiles/htdocs/yii/framework/web/CWebApplication.php(141): CWebApplication->runController('personalinfo')
#10 /Applications/XAMPP/xamppfiles/htdocs/yii/framework/base/CApplication.php(169): CWebApplication->processRequest()
#11 /Applications/XAMPP/xamppfiles/htdocs/HR/index.php(13): CApplication->run()
#12 {main}
REQUEST_URI=/HR/index.php?r=personalinfo
HTTP_REFERER=http://localhost/HR/index.php?r=personalinfo&dept_id=1
---
2013/07/05 01:06:37 [error] [exception.CHttpException.400] exception 'CHttpException' with message 'Your request is invalid.' in /Applications/XAMPP/xamppfiles/htdocs/yii/framework/web/CController.php:336
Stack trace:
#0 /Applications/XAMPP/xamppfiles/htdocs/yii/framework/web/CController.php(309): CController->invalidActionParams(Object(CInlineAction))
#1 /Applications/XAMPP/xamppfiles/htdocs/yii/framework/web/filters/CFilterChain.php(133): CController->runAction(Object(CInlineAction))
#2 /Applications/XAMPP/xamppfiles/htdocs/yii/framework/web/filters/CFilter.php(40): CFilterChain->run()
#3 /Applications/XAMPP/xamppfiles/htdocs/yii/framework/web/CController.php(1145): CFilter->filter(Object(CFilterChain))
#4 /Applications/XAMPP/xamppfiles/htdocs/yii/framework/web/filters/CInlineFilter.php(58): CController->filterAccessControl(Object(CFilterChain))
#5 /Applications/XAMPP/xamppfiles/htdocs/yii/framework/web/filters/CFilterChain.php(130): CInlineFilter->filter(Object(CFilterChain))
#6 /Applications/XAMPP/xamppfiles/htdocs/yii/framework/web/CController.php(291): CFilterChain->run()
#7 /Applications/XAMPP/xamppfiles/htdocs/yii/framework/web/CController.php(265): CController->runActionWithFilters(Object(CInlineAction), Array)
#8 /Applications/XAMPP/xamppfiles/htdocs/yii/framework/web/CWebApplication.php(282): CController->run('')
#9 /Applications/XAMPP/xamppfiles/htdocs/yii/framework/web/CWebApplication.php(141): CWebApplication->runController('personalinfo')
#10 /Applications/XAMPP/xamppfiles/htdocs/yii/framework/base/CApplication.php(169): CWebApplication->processRequest()
#11 /Applications/XAMPP/xamppfiles/htdocs/HR/index.php(13): CApplication->run()
#12 {main}
REQUEST_URI=/HR/index.php?r=personalinfo
HTTP_REFERER=http://localhost/HR/index.php?r=personalinfo
---
2013/07/05 01:07:37 [error] [exception.CHttpException.400] exception 'CHttpException' with message 'Your request is invalid.' in /Applications/XAMPP/xamppfiles/htdocs/yii/framework/web/CController.php:336
Stack trace:
#0 /Applications/XAMPP/xamppfiles/htdocs/yii/framework/web/CController.php(309): CController->invalidActionParams(Object(CInlineAction))
#1 /Applications/XAMPP/xamppfiles/htdocs/yii/framework/web/filters/CFilterChain.php(133): CController->runAction(Object(CInlineAction))
#2 /Applications/XAMPP/xamppfiles/htdocs/yii/framework/web/filters/CFilter.php(40): CFilterChain->run()
#3 /Applications/XAMPP/xamppfiles/htdocs/yii/framework/web/CController.php(1145): CFilter->filter(Object(CFilterChain))
#4 /Applications/XAMPP/xamppfiles/htdocs/yii/framework/web/filters/CInlineFilter.php(58): CController->filterAccessControl(Object(CFilterChain))
#5 /Applications/XAMPP/xamppfiles/htdocs/yii/framework/web/filters/CFilterChain.php(130): CInlineFilter->filter(Object(CFilterChain))
#6 /Applications/XAMPP/xamppfiles/htdocs/yii/framework/web/CController.php(291): CFilterChain->run()
#7 /Applications/XAMPP/xamppfiles/htdocs/yii/framework/web/CController.php(265): CController->runActionWithFilters(Object(CInlineAction), Array)
#8 /Applications/XAMPP/xamppfiles/htdocs/yii/framework/web/CWebApplication.php(282): CController->run('')
#9 /Applications/XAMPP/xamppfiles/htdocs/yii/framework/web/CWebApplication.php(141): CWebApplication->runController('personalinfo')
#10 /Applications/XAMPP/xamppfiles/htdocs/yii/framework/base/CApplication.php(169): CWebApplication->processRequest()
#11 /Applications/XAMPP/xamppfiles/htdocs/HR/index.php(13): CApplication->run()
#12 {main}
REQUEST_URI=/HR/index.php?r=personalinfo
HTTP_REFERER=http://localhost/HR/index.php?r=personalinfo
---
2013/07/05 01:12:09 [error] [exception.CHttpException.400] exception 'CHttpException' with message 'Your request is invalid.' in /Applications/XAMPP/xamppfiles/htdocs/yii/framework/web/CController.php:336
Stack trace:
#0 /Applications/XAMPP/xamppfiles/htdocs/yii/framework/web/CController.php(309): CController->invalidActionParams(Object(CInlineAction))
#1 /Applications/XAMPP/xamppfiles/htdocs/yii/framework/web/filters/CFilterChain.php(133): CController->runAction(Object(CInlineAction))
#2 /Applications/XAMPP/xamppfiles/htdocs/yii/framework/web/filters/CFilter.php(40): CFilterChain->run()
#3 /Applications/XAMPP/xamppfiles/htdocs/yii/framework/web/CController.php(1145): CFilter->filter(Object(CFilterChain))
#4 /Applications/XAMPP/xamppfiles/htdocs/yii/framework/web/filters/CInlineFilter.php(58): CController->filterAccessControl(Object(CFilterChain))
#5 /Applications/XAMPP/xamppfiles/htdocs/yii/framework/web/filters/CFilterChain.php(130): CInlineFilter->filter(Object(CFilterChain))
#6 /Applications/XAMPP/xamppfiles/htdocs/yii/framework/web/CController.php(291): CFilterChain->run()
#7 /Applications/XAMPP/xamppfiles/htdocs/yii/framework/web/CController.php(265): CController->runActionWithFilters(Object(CInlineAction), Array)
#8 /Applications/XAMPP/xamppfiles/htdocs/yii/framework/web/CWebApplication.php(282): CController->run('index')
#9 /Applications/XAMPP/xamppfiles/htdocs/yii/framework/web/CWebApplication.php(141): CWebApplication->runController('personalinfo/in...')
#10 /Applications/XAMPP/xamppfiles/htdocs/yii/framework/base/CApplication.php(169): CWebApplication->processRequest()
#11 /Applications/XAMPP/xamppfiles/htdocs/HR/index.php(13): CApplication->run()
#12 {main}
REQUEST_URI=/HR/index.php?r=personalinfo/index
HTTP_REFERER=http://localhost/HR/index.php?r=Education&id=1&name=chan
---
2013/07/05 01:12:17 [error] [exception.CHttpException.400] exception 'CHttpException' with message 'Your request is invalid.' in /Applications/XAMPP/xamppfiles/htdocs/yii/framework/web/CController.php:336
Stack trace:
#0 /Applications/XAMPP/xamppfiles/htdocs/yii/framework/web/CController.php(309): CController->invalidActionParams(Object(CInlineAction))
#1 /Applications/XAMPP/xamppfiles/htdocs/yii/framework/web/filters/CFilterChain.php(133): CController->runAction(Object(CInlineAction))
#2 /Applications/XAMPP/xamppfiles/htdocs/yii/framework/web/filters/CFilter.php(40): CFilterChain->run()
#3 /Applications/XAMPP/xamppfiles/htdocs/yii/framework/web/CController.php(1145): CFilter->filter(Object(CFilterChain))
#4 /Applications/XAMPP/xamppfiles/htdocs/yii/framework/web/filters/CInlineFilter.php(58): CController->filterAccessControl(Object(CFilterChain))
#5 /Applications/XAMPP/xamppfiles/htdocs/yii/framework/web/filters/CFilterChain.php(130): CInlineFilter->filter(Object(CFilterChain))
#6 /Applications/XAMPP/xamppfiles/htdocs/yii/framework/web/CController.php(291): CFilterChain->run()
#7 /Applications/XAMPP/xamppfiles/htdocs/yii/framework/web/CController.php(265): CController->runActionWithFilters(Object(CInlineAction), Array)
#8 /Applications/XAMPP/xamppfiles/htdocs/yii/framework/web/CWebApplication.php(282): CController->run('index')
#9 /Applications/XAMPP/xamppfiles/htdocs/yii/framework/web/CWebApplication.php(141): CWebApplication->runController('personalinfo/in...')
#10 /Applications/XAMPP/xamppfiles/htdocs/yii/framework/base/CApplication.php(169): CWebApplication->processRequest()
#11 /Applications/XAMPP/xamppfiles/htdocs/HR/index.php(13): CApplication->run()
#12 {main}
REQUEST_URI=/HR/index.php?r=personalinfo/index
HTTP_REFERER=http://localhost/HR/index.php?r=Education&id=1&name=chan
---
2013/07/05 01:37:13 [error] [exception.CHttpException.400] exception 'CHttpException' with message 'Your request is invalid.' in /Applications/XAMPP/xamppfiles/htdocs/yii/framework/web/CController.php:336
Stack trace:
#0 /Applications/XAMPP/xamppfiles/htdocs/yii/framework/web/CController.php(309): CController->invalidActionParams(Object(CInlineAction))
#1 /Applications/XAMPP/xamppfiles/htdocs/yii/framework/web/filters/CFilterChain.php(133): CController->runAction(Object(CInlineAction))
#2 /Applications/XAMPP/xamppfiles/htdocs/yii/framework/web/filters/CFilter.php(40): CFilterChain->run()
#3 /Applications/XAMPP/xamppfiles/htdocs/yii/framework/web/CController.php(1145): CFilter->filter(Object(CFilterChain))
#4 /Applications/XAMPP/xamppfiles/htdocs/yii/framework/web/filters/CInlineFilter.php(58): CController->filterAccessControl(Object(CFilterChain))
#5 /Applications/XAMPP/xamppfiles/htdocs/yii/framework/web/filters/CFilterChain.php(130): CInlineFilter->filter(Object(CFilterChain))
#6 /Applications/XAMPP/xamppfiles/htdocs/yii/framework/web/CController.php(291): CFilterChain->run()
#7 /Applications/XAMPP/xamppfiles/htdocs/yii/framework/web/CController.php(265): CController->runActionWithFilters(Object(CInlineAction), Array)
#8 /Applications/XAMPP/xamppfiles/htdocs/yii/framework/web/CWebApplication.php(282): CController->run('index')
#9 /Applications/XAMPP/xamppfiles/htdocs/yii/framework/web/CWebApplication.php(141): CWebApplication->runController('personalinfo/in...')
#10 /Applications/XAMPP/xamppfiles/htdocs/yii/framework/base/CApplication.php(169): CWebApplication->processRequest()
#11 /Applications/XAMPP/xamppfiles/htdocs/HR/index.php(13): CApplication->run()
#12 {main}
REQUEST_URI=/HR/index.php?r=personalinfo/index
HTTP_REFERER=http://localhost/HR/index.php?r=personalinfo/view&id=1
---
2013/07/05 02:45:17 [error] [exception.CHttpException.404] exception 'CHttpException' with message 'The system is unable to find the requested action "dept_view".' in /Applications/XAMPP/xamppfiles/htdocs/yii/framework/web/CController.php:483
Stack trace:
#0 /Applications/XAMPP/xamppfiles/htdocs/yii/framework/web/CController.php(270): CController->missingAction('dept_view')
#1 /Applications/XAMPP/xamppfiles/htdocs/yii/framework/web/CWebApplication.php(282): CController->run('dept_view')
#2 /Applications/XAMPP/xamppfiles/htdocs/yii/framework/web/CWebApplication.php(141): CWebApplication->runController('personalinfo/de...')
#3 /Applications/XAMPP/xamppfiles/htdocs/yii/framework/base/CApplication.php(169): CWebApplication->processRequest()
#4 /Applications/XAMPP/xamppfiles/htdocs/HR/index.php(13): CApplication->run()
#5 {main}
REQUEST_URI=/HR/index.php?r=personalinfo/dept_view&dept_id=1
HTTP_REFERER=http://localhost/HR/index.php?r=department/view&id=1
---
2013/07/05 05:13:16 [error] [exception.CHttpException.400] exception 'CHttpException' with message 'Your request is invalid.' in /Applications/XAMPP/xamppfiles/htdocs/yii/framework/web/CController.php:336
Stack trace:
#0 /Applications/XAMPP/xamppfiles/htdocs/yii/framework/web/CController.php(309): CController->invalidActionParams(Object(CInlineAction))
#1 /Applications/XAMPP/xamppfiles/htdocs/yii/framework/web/filters/CFilterChain.php(133): CController->runAction(Object(CInlineAction))
#2 /Applications/XAMPP/xamppfiles/htdocs/yii/framework/web/filters/CFilter.php(40): CFilterChain->run()
#3 /Applications/XAMPP/xamppfiles/htdocs/yii/framework/web/CController.php(1145): CFilter->filter(Object(CFilterChain))
#4 /Applications/XAMPP/xamppfiles/htdocs/yii/framework/web/filters/CInlineFilter.php(58): CController->filterAccessControl(Object(CFilterChain))
#5 /Applications/XAMPP/xamppfiles/htdocs/yii/framework/web/filters/CFilterChain.php(130): CInlineFilter->filter(Object(CFilterChain))
#6 /Applications/XAMPP/xamppfiles/htdocs/yii/framework/web/CController.php(291): CFilterChain->run()
#7 /Applications/XAMPP/xamppfiles/htdocs/yii/framework/web/CController.php(265): CController->runActionWithFilters(Object(CInlineAction), Array)
#8 /Applications/XAMPP/xamppfiles/htdocs/yii/framework/web/CWebApplication.php(282): CController->run('index')
#9 /Applications/XAMPP/xamppfiles/htdocs/yii/framework/web/CWebApplication.php(141): CWebApplication->runController('personalinfo/in...')
#10 /Applications/XAMPP/xamppfiles/htdocs/yii/framework/base/CApplication.php(169): CWebApplication->processRequest()
#11 /Applications/XAMPP/xamppfiles/htdocs/HR/index.php(13): CApplication->run()
#12 {main}
REQUEST_URI=/HR/index.php?r=personalinfo/index
HTTP_REFERER=http://localhost/HR/index.php?r=personalinfo/create
---
2013/07/05 05:17:46 [error] [php] Missing argument 3 for CActiveForm::listBox(), called in /Applications/XAMPP/xamppfiles/htdocs/HR/protected/views/personalinfo/_form.php on line 56 and defined (/Applications/XAMPP/xamppfiles/htdocs/yii/framework/web/widgets/CActiveForm.php:777)
Stack trace:
#0 /Applications/XAMPP/xamppfiles/htdocs/yii/framework/web/CBaseController.php(95): PersonalinfoController->renderInternal()
#1 /Applications/XAMPP/xamppfiles/htdocs/yii/framework/web/CController.php(869): PersonalinfoController->renderFile()
#2 /Applications/XAMPP/xamppfiles/htdocs/HR/protected/views/personalinfo/create.php(18): PersonalinfoController->renderPartial()
#3 /Applications/XAMPP/xamppfiles/htdocs/yii/framework/web/CBaseController.php(126): require()
#4 /Applications/XAMPP/xamppfiles/htdocs/yii/framework/web/CBaseController.php(95): PersonalinfoController->renderInternal()
#5 /Applications/XAMPP/xamppfiles/htdocs/yii/framework/web/CController.php(869): PersonalinfoController->renderFile()
#6 /Applications/XAMPP/xamppfiles/htdocs/yii/framework/web/CController.php(782): PersonalinfoController->renderPartial()
#7 /Applications/XAMPP/xamppfiles/htdocs/HR/protected/controllers/PersonalinfoController.php(79): PersonalinfoController->render()
#8 /Applications/XAMPP/xamppfiles/htdocs/yii/framework/web/actions/CInlineAction.php(49): PersonalinfoController->actionCreate()
#9 /Applications/XAMPP/xamppfiles/htdocs/yii/framework/web/CController.php(308): CInlineAction->runWithParams()
#10 /Applications/XAMPP/xamppfiles/htdocs/yii/framework/web/filters/CFilterChain.php(133): PersonalinfoController->runAction()
#11 /Applications/XAMPP/xamppfiles/htdocs/yii/framework/web/filters/CFilter.php(40): CFilterChain->run()
#12 /Applications/XAMPP/xamppfiles/htdocs/yii/framework/web/CController.php(1145): CAccessControlFilter->filter()
#13 /Applications/XAMPP/xamppfiles/htdocs/yii/framework/web/filters/CInlineFilter.php(58): PersonalinfoController->filterAccessControl()
#14 /Applications/XAMPP/xamppfiles/htdocs/yii/framework/web/filters/CFilterChain.php(130): CInlineFilter->filter()
#15 /Applications/XAMPP/xamppfiles/htdocs/yii/framework/web/CController.php(291): CFilterChain->run()
#16 /Applications/XAMPP/xamppfiles/htdocs/yii/framework/web/CController.php(265): PersonalinfoController->runActionWithFilters()
#17 /Applications/XAMPP/xamppfiles/htdocs/yii/framework/web/CWebApplication.php(282): PersonalinfoController->run()
#18 /Applications/XAMPP/xamppfiles/htdocs/yii/framework/web/CWebApplication.php(141): CWebApplication->runController()
#19 /Applications/XAMPP/xamppfiles/htdocs/yii/framework/base/CApplication.php(169): CWebApplication->processRequest()
#20 /Applications/XAMPP/xamppfiles/htdocs/HR/index.php(13): CWebApplication->run()
REQUEST_URI=/HR/index.php?r=personalinfo/create
in /Applications/XAMPP/xamppfiles/htdocs/HR/protected/views/personalinfo/_form.php (56)
in /Applications/XAMPP/xamppfiles/htdocs/HR/protected/views/personalinfo/create.php (18)
in /Applications/XAMPP/xamppfiles/htdocs/HR/protected/controllers/PersonalinfoController.php (79)
2013/07/05 05:20:04 [error] [php] Invalid argument supplied for foreach() (/Applications/XAMPP/xamppfiles/htdocs/yii/framework/web/helpers/CHtml.php:1841)
Stack trace:
#0 /Applications/XAMPP/xamppfiles/htdocs/yii/framework/web/CBaseController.php(95): PersonalinfoController->renderInternal()
#1 /Applications/XAMPP/xamppfiles/htdocs/yii/framework/web/CController.php(869): PersonalinfoController->renderFile()
#2 /Applications/XAMPP/xamppfiles/htdocs/HR/protected/views/personalinfo/create.php(18): PersonalinfoController->renderPartial()
#3 /Applications/XAMPP/xamppfiles/htdocs/yii/framework/web/CBaseController.php(126): require()
#4 /Applications/XAMPP/xamppfiles/htdocs/yii/framework/web/CBaseController.php(95): PersonalinfoController->renderInternal()
#5 /Applications/XAMPP/xamppfiles/htdocs/yii/framework/web/CController.php(869): PersonalinfoController->renderFile()
#6 /Applications/XAMPP/xamppfiles/htdocs/yii/framework/web/CController.php(782): PersonalinfoController->renderPartial()
#7 /Applications/XAMPP/xamppfiles/htdocs/HR/protected/controllers/PersonalinfoController.php(79): PersonalinfoController->render()
#8 /Applications/XAMPP/xamppfiles/htdocs/yii/framework/web/actions/CInlineAction.php(49): PersonalinfoController->actionCreate()
#9 /Applications/XAMPP/xamppfiles/htdocs/yii/framework/web/CController.php(308): CInlineAction->runWithParams()
#10 /Applications/XAMPP/xamppfiles/htdocs/yii/framework/web/filters/CFilterChain.php(133): PersonalinfoController->runAction()
#11 /Applications/XAMPP/xamppfiles/htdocs/yii/framework/web/filters/CFilter.php(40): CFilterChain->run()
#12 /Applications/XAMPP/xamppfiles/htdocs/yii/framework/web/CController.php(1145): CAccessControlFilter->filter()
#13 /Applications/XAMPP/xamppfiles/htdocs/yii/framework/web/filters/CInlineFilter.php(58): PersonalinfoController->filterAccessControl()
#14 /Applications/XAMPP/xamppfiles/htdocs/yii/framework/web/filters/CFilterChain.php(130): CInlineFilter->filter()
#15 /Applications/XAMPP/xamppfiles/htdocs/yii/framework/web/CController.php(291): CFilterChain->run()
#16 /Applications/XAMPP/xamppfiles/htdocs/yii/framework/web/CController.php(265): PersonalinfoController->runActionWithFilters()
#17 /Applications/XAMPP/xamppfiles/htdocs/yii/framework/web/CWebApplication.php(282): PersonalinfoController->run()
#18 /Applications/XAMPP/xamppfiles/htdocs/yii/framework/web/CWebApplication.php(141): CWebApplication->runController()
#19 /Applications/XAMPP/xamppfiles/htdocs/yii/framework/base/CApplication.php(169): CWebApplication->processRequest()
#20 /Applications/XAMPP/xamppfiles/htdocs/HR/index.php(13): CWebApplication->run()
REQUEST_URI=/HR/index.php?r=personalinfo/create
in /Applications/XAMPP/xamppfiles/htdocs/HR/protected/views/personalinfo/_form.php (57)
in /Applications/XAMPP/xamppfiles/htdocs/HR/protected/views/personalinfo/create.php (18)
in /Applications/XAMPP/xamppfiles/htdocs/HR/protected/controllers/PersonalinfoController.php (79)
